{"F:\\Projects\\saas-labs-frontend-assignment\\src\\components\\ProjectTable.tsx": {"path":"F:\\Projects\\saas-labs-frontend-assignment\\src\\components\\ProjectTable.tsx","statementMap":{"0":{"start":{"line":2,"column":0},"end":{"line":2,"column":36}},"1":{"start":{"line":3,"column":0},"end":{"line":3,"column":56}},"2":{"start":{"line":10,"column":50},"end":{"line":37,"column":1}},"3":{"start":{"line":14,"column":21},"end":{"line":14,"column":42}},"4":{"start":{"line":15,"column":28},"end":{"line":15,"column":70}},"5":{"start":{"line":17,"column":2},"end":{"line":36,"column":4}},"6":{"start":{"line":28,"column":10},"end":{"line":28,"column":null}},"7":{"start":{"line":39,"column":0},"end":{"line":39,"column":28}}},"fnMap":{"0":{"name":"(anonymous_0)","decl":{"start":{"line":10,"column":50},"end":{"line":10,"column":51}},"loc":{"start":{"line":13,"column":5},"end":{"line":37,"column":1}}},"1":{"name":"(anonymous_1)","decl":{"start":{"line":27,"column":31},"end":{"line":27,"column":32}},"loc":{"start":{"line":28,"column":10},"end":{"line":28,"column":null}}}},"branchMap":{},"s":{"0":1,"1":1,"2":1,"3":2,"4":2,"5":2,"6":8,"7":1},"f":{"0":2,"1":8},"b":{}}
,"F:\\Projects\\saas-labs-frontend-assignment\\src\\types\\projects.ts": {"path":"F:\\Projects\\saas-labs-frontend-assignment\\src\\types\\projects.ts","statementMap":{"0":{"start":{"line":7,"column":0},"end":{"line":7,"column":null}},"1":{"start":{"line":8,"column":2},"end":{"line":8,"column":null}},"2":{"start":{"line":9,"column":2},"end":{"line":9,"column":null}},"3":{"start":{"line":10,"column":2},"end":{"line":10,"column":null}}},"fnMap":{"0":{"name":"(anonymous_0)","decl":{"start":{"line":7,"column":0},"end":{"line":7,"column":12}},"loc":{"start":{"line":7,"column":22},"end":{"line":11,"column":1}}}},"branchMap":{"0":{"loc":{"start":{"line":7,"column":12},"end":{"line":7,"column":null}},"type":"binary-expr","locations":[{"start":{"line":7,"column":12},"end":{"line":7,"column":22}},{"start":{"line":7,"column":22},"end":{"line":7,"column":null}}]}},"s":{"0":1,"1":1,"2":1,"3":1},"f":{"0":1},"b":{"0":[1,1]}}
}
